<?xml version="1.0" encoding="UTF-8"?>
<!-- Generated by org.testng.reporters.JUnitReportReporter -->
<testsuite hostname="LAPTOP-E2PSIL5I" failures="0" tests="1" name="QAPractice.FirstMavenProject.firstTest" time="13.613" errors="0" timestamp="2020-05-19T22:14:45 IST" skipped="0">
  <testcase classname="QAPractice.FirstMavenProject.firstTest" name="LaunchGoogleTest" time="13.613"/>
  <system-out/>
</testsuite> <!-- QAPractice.FirstMavenProject.firstTest -->
