<?xml version="1.0" encoding="UTF-8"?>
<!-- Generated by org.testng.reporters.JUnitReportReporter -->
<testsuite hostname="LAPTOP-E2PSIL5I" failures="0" tests="1" name="QAPractice.FirstMavenProject.FramesTest" time="11.015" errors="0" timestamp="2020-05-27T21:33:00 IST" skipped="0">
  <testcase classname="QAPractice.FirstMavenProject.FramesTest" name="switchFrameTest" time="11.015"/>
  <system-out/>
</testsuite> <!-- QAPractice.FirstMavenProject.FramesTest -->
