<?xml version="1.0" encoding="UTF-8"?>
<!-- Generated by org.testng.reporters.JUnitReportReporter -->
<testsuite hostname="LAPTOP-E2PSIL5I" failures="0" tests="1" name="QAPractice.FirstMavenProject.firstTest" time="6.626" errors="0" timestamp="2020-05-16T16:31:04 IST" skipped="0">
  <testcase classname="QAPractice.FirstMavenProject.firstTest" name="LaunchGoogleTest" time="6.626"/>
  <system-out/>
</testsuite> <!-- QAPractice.FirstMavenProject.firstTest -->
