<?xml version="1.0" encoding="UTF-8"?>
<!-- Generated by org.testng.reporters.JUnitReportReporter -->
<testsuite hostname="LAPTOP-E2PSIL5I" failures="0" tests="1" name="QAPractice.FirstMavenProject.FramesTest" time="10.296" errors="0" timestamp="2020-05-16T16:30:40 IST" skipped="0">
  <testcase classname="QAPractice.FirstMavenProject.FramesTest" name="switchFrameTest" time="10.296"/>
  <system-out/>
</testsuite> <!-- QAPractice.FirstMavenProject.FramesTest -->
